TN:
SF:script/DeployDSC.s.sol
FN:13,DeployDSC.run
FNDA:7,DeployDSC.run
DA:17,7
DA:18,7
DA:24,7
DA:26,7
DA:27,7
DA:29,7
DA:30,7
DA:31,7
DA:36,7
DA:37,7
DA:38,7
FNF:1
FNH:1
LF:11
LH:11
BRF:0
BRH:0
end_of_record
TN:
SF:script/HelperConfig.s.sol
FN:33,HelperConfig.getSepoliaEthConfig
FNDA:0,HelperConfig.getSepoliaEthConfig
DA:38,0
FN:47,HelperConfig.getOrCreateAnvilEthConfig
FNDA:0,HelperConfig.getOrCreateAnvilEthConfig
DA:51,0
BRDA:51,0,0,-
BRDA:51,0,1,-
DA:52,0
DA:55,0
DA:56,0
DA:60,0
DA:64,0
DA:65,0
DA:66,0
DA:67,0
DA:68,0
FNF:2
FNH:0
LF:11
LH:0
BRF:2
BRH:0
end_of_record
TN:
SF:src/DSCEngine.sol
FN:98,DSCEngine.depositCollateralAndMintDsc
FNDA:1,DSCEngine.depositCollateralAndMintDsc
DA:103,1
DA:104,1
FN:112,DSCEngine.depositCollateral
FNDA:3,DSCEngine.depositCollateral
DA:121,2
DA:124,2
DA:129,2
DA:134,2
BRDA:134,0,0,-
BRDA:134,0,1,2
DA:135,0
FN:146,DSCEngine.redeemCollateralForDsc
FNDA:0,DSCEngine.redeemCollateralForDsc
DA:151,0
DA:152,0
FN:155,DSCEngine.redeemCollateral
FNDA:0,DSCEngine.redeemCollateral
DA:159,0
DA:165,0
FN:175,DSCEngine.mintDsc
FNDA:0,DSCEngine.mintDsc
DA:178,1
DA:179,1
DA:180,1
DA:181,1
BRDA:181,1,0,-
BRDA:181,1,1,1
DA:182,0
FN:186,DSCEngine.burnDsc
FNDA:0,DSCEngine.burnDsc
DA:187,0
DA:188,0
FN:203,DSCEngine.liquidate
FNDA:0,DSCEngine.liquidate
DA:208,0
DA:209,0
BRDA:209,2,0,-
BRDA:209,2,1,-
DA:210,0
DA:212,0
DA:216,0
DA:218,0
DA:220,0
DA:226,0
DA:228,0
DA:229,0
BRDA:229,3,0,-
BRDA:229,3,1,-
DA:230,0
DA:232,0
FN:235,DSCEngine.getHealthFactor
FNDA:0,DSCEngine.getHealthFactor
FN:237,DSCEngine._burnDsc
FNDA:0,DSCEngine._burnDsc
DA:242,0
DA:243,0
DA:244,0
BRDA:244,4,0,-
BRDA:244,4,1,-
DA:245,0
DA:247,0
FN:250,DSCEngine._redeemCollateral
FNDA:0,DSCEngine._redeemCollateral
DA:256,0
DA:257,0
DA:263,0
DA:267,0
BRDA:267,5,0,-
BRDA:267,5,1,-
DA:268,0
FN:272,DSCEngine._getAccountInfo
FNDA:3,DSCEngine._getAccountInfo
DA:279,3
DA:280,3
FN:290,DSCEngine._healthFactor
FNDA:1,DSCEngine._healthFactor
DA:291,1
DA:294,1
DA:295,1
DA:297,1
FN:300,DSCEngine._revertIfHealthFactorIsBroken
FNDA:1,DSCEngine._revertIfHealthFactorIsBroken
DA:301,1
DA:302,1
BRDA:302,6,0,-
BRDA:302,6,1,1
DA:303,0
FN:307,DSCEngine.getTokenAmountFromUsd
FNDA:2,DSCEngine.getTokenAmountFromUsd
DA:311,2
DA:314,2
DA:315,2
DA:316,2
FN:319,DSCEngine.getAccountCollateralValue
FNDA:0,DSCEngine.getAccountCollateralValue
DA:322,3
DA:323,6
DA:324,6
DA:325,6
DA:327,0
FN:330,DSCEngine.getUsdValue
FNDA:2,DSCEngine.getUsdValue
DA:334,8
DA:337,8
DA:338,8
DA:339,8
FN:342,DSCEngine.getAccountInfo
FNDA:2,DSCEngine.getAccountInfo
DA:349,2
FNF:17
FNH:8
LF:63
LH:31
BRF:14
BRH:3
end_of_record
TN:
SF:src/DecentralizedStableCoin.sol
FN:25,DecentralizedStableCoin.burn
FNDA:0,DecentralizedStableCoin.burn
DA:26,0
DA:27,0
BRDA:27,0,0,-
BRDA:27,0,1,-
DA:28,0
DA:30,0
BRDA:30,1,0,-
BRDA:30,1,1,-
DA:31,0
DA:33,0
FN:36,DecentralizedStableCoin.mint
FNDA:1,DecentralizedStableCoin.mint
DA:40,1
BRDA:40,2,0,-
BRDA:40,2,1,1
DA:41,0
DA:43,1
BRDA:43,3,0,-
BRDA:43,3,1,1
DA:44,0
DA:46,1
DA:47,1
FNF:2
FNH:1
LF:12
LH:4
BRF:8
BRH:2
end_of_record
TN:
SF:test/mocks/MockV3Aggregator.sol
FN:29,MockV3Aggregator.updateAnswer
FNDA:0,MockV3Aggregator.updateAnswer
DA:30,0
DA:31,0
DA:32,0
DA:33,0
DA:34,0
DA:35,0
FN:38,MockV3Aggregator.updateRoundData
FNDA:0,MockV3Aggregator.updateRoundData
DA:44,0
DA:45,0
DA:46,0
DA:47,0
DA:48,0
DA:49,0
FN:52,MockV3Aggregator.getRoundData
FNDA:0,MockV3Aggregator.getRoundData
DA:65,0
FN:74,MockV3Aggregator.latestRoundData
FNDA:10,MockV3Aggregator.latestRoundData
DA:85,10
FN:94,MockV3Aggregator.description
FNDA:0,MockV3Aggregator.description
DA:95,0
FNF:5
FNH:1
LF:15
LH:1
BRF:0
BRH:0
end_of_record
